<?xml version="1.0" encoding="UTF-8"?>
<!-- Generated by org.testng.reporters.JUnitReportReporter -->
<testsuite hostname="DESKTOP-0OH831K" failures="0" tests="11" name="homepage.MyTest" time="21.307" errors="0" timestamp="2024-08-23T18:03:26 EET" skipped="0">
  <testcase classname="homepage.MyTest" name="CheckDefaultLangugeIsEnglish" time="0.052"/>
  <system-out/>
  <testcase classname="homepage.MyTest" name="CheckDefultCurrency" time="0.051"/>
  <system-out/>
  <testcase classname="homepage.MyTest" name="CheckContactNumber" time="0.032"/>
  <system-out/>
  <testcase classname="homepage.MyTest" name="CheckQitafLogo" time="0.116"/>
  <system-out/>
  <testcase classname="homepage.MyTest" name="TestHotelTabIsNotSelected" time="0.039"/>
  <system-out/>
  <testcase classname="homepage.MyTest" name="CheckDepatureAndReturnDate" time="0.052"/>
  <system-out/>
  <testcase classname="homepage.MyTest" name="RandomlyChangeTheLanguage" time="4.008"/>
  <system-out/>
  <testcase classname="homepage.MyTest" name="RandomlyChangeSearchForHotels" time="0.641"/>
  <system-out/>
  <testcase classname="homepage.MyTest" name="RandomlySelectTheNumberOfVistor" time="5.537"/>
  <system-out/>
  <testcase classname="homepage.MyTest" name="CheckThePageFullyLoaded" time="10.178"/>
  <system-out/>
  <testcase classname="homepage.MyTest" name="SortItemsLowestToHighestPrice" time="0.601"/>
  <system-out/>
</testsuite> <!-- homepage.MyTest -->
