<?xml version="1.0" encoding="UTF-8"?>
<!-- Generated by org.testng.reporters.JUnitReportReporter -->
<testsuite hostname="DESKTOP-0OH831K" failures="0" tests="8" name="homepage.MyTest" time="1.586" errors="0" timestamp="2024-08-17T21:20:19 EET" skipped="0">
  <testcase classname="homepage.MyTest" name="CheckDefaultLangugeIsEnglish" time="0.056"/>
  <system-out/>
  <testcase classname="homepage.MyTest" name="CheckDefultCurrency" time="0.055"/>
  <system-out/>
  <testcase classname="homepage.MyTest" name="CheckContactNumber" time="0.030"/>
  <system-out/>
  <testcase classname="homepage.MyTest" name="CheckQitafLogo" time="0.067"/>
  <system-out/>
  <testcase classname="homepage.MyTest" name="TestHotelTabIsNotSelected" time="0.036"/>
  <system-out/>
  <testcase classname="homepage.MyTest" name="CheckDepatureAndReturnDate" time="0.087"/>
  <system-out/>
  <testcase classname="homepage.MyTest" name="RandomlyChangeTheLanguage" time="0.990"/>
  <system-out/>
  <testcase classname="homepage.MyTest" name="RandomlyChangeSearchForHotels" time="0.265"/>
  <system-out/>
</testsuite> <!-- homepage.MyTest -->
