<?xml version="1.0" encoding="UTF-8"?>
<!-- Generated by org.testng.reporters.JUnitReportReporter -->
<testsuite hostname="DESKTOP-0OH831K" failures="0" tests="4" name="homepage.MyTest" time="0.201" errors="0" timestamp="2024-08-15T00:49:32 EET" skipped="0">
  <testcase classname="homepage.MyTest" name="CheckDefaultLangugeIsEnglish" time="0.089"/>
  <system-out/>
  <testcase classname="homepage.MyTest" name="CheckDefultCurrency" time="0.038"/>
  <system-out/>
  <testcase classname="homepage.MyTest" name="CheckContactNumber" time="0.025"/>
  <system-out/>
  <testcase classname="homepage.MyTest" name="CheckQitafLogo" time="0.049"/>
  <system-out/>
</testsuite> <!-- homepage.MyTest -->
