<?xml version="1.0" encoding="UTF-8"?>
<!-- Generated by org.testng.reporters.JUnitReportReporter -->
<testsuite hostname="DESKTOP-0OH831K" failures="0" tests="11" name="homepage.MyTest" time="26.304" errors="0" timestamp="2024-08-22T16:24:16 EET" skipped="0">
  <testcase classname="homepage.MyTest" name="CheckDefaultLangugeIsEnglish" time="0.066"/>
  <system-out/>
  <testcase classname="homepage.MyTest" name="CheckDefultCurrency" time="0.046"/>
  <system-out/>
  <testcase classname="homepage.MyTest" name="CheckContactNumber" time="0.039"/>
  <system-out/>
  <testcase classname="homepage.MyTest" name="CheckQitafLogo" time="0.078"/>
  <system-out/>
  <testcase classname="homepage.MyTest" name="TestHotelTabIsNotSelected" time="0.079"/>
  <system-out/>
  <testcase classname="homepage.MyTest" name="CheckDepatureAndReturnDate" time="0.128"/>
  <system-out/>
  <testcase classname="homepage.MyTest" name="RandomlyChangeTheLanguage" time="4.806"/>
  <system-out/>
  <testcase classname="homepage.MyTest" name="RandomlyChangeSearchForHotels" time="1.132"/>
  <system-out/>
  <testcase classname="homepage.MyTest" name="RandomlySelectTheNumberOfVistor" time="6.168"/>
  <system-out/>
  <testcase classname="homepage.MyTest" name="CheckThePageFullyLoaded" time="13.120"/>
  <system-out/>
  <testcase classname="homepage.MyTest" name="SortItemsLowestToHighestPrice" time="0.642"/>
  <system-out/>
</testsuite> <!-- homepage.MyTest -->
